<?xml version="1.0" encoding="UTF-8"?>
<!-- Generated by org.testng.reporters.JUnitReportReporter -->
<testsuite hostname="LAPTOP-SK1893TO" failures="0" tests="4" name="coding_practice_with34_Batch.Test_NG_Test" time="0.057" errors="0" timestamp="09 Nov 2023 08:54:36 GMT" skipped="0">
  <testcase classname="coding_practice_with34_Batch.Test_NG_Test" name="testMethod" time="0.014"/>
  <testcase classname="coding_practice_with34_Batch.Test_NG_Test" name="testMethod" time="0.015"/>
  <testcase classname="coding_practice_with34_Batch.Test_NG_Test" name="testMethod" time="0.014"/>
  <testcase classname="coding_practice_with34_Batch.Test_NG_Test" name="testMethod" time="0.014"/>
</testsuite> <!-- coding_practice_with34_Batch.Test_NG_Test -->
