<?xml version="1.0" encoding="UTF-8"?>
<!-- Generated by org.testng.reporters.JUnitReportReporter -->
<testsuite hostname="LAPTOP-SK1893TO" failures="0" tests="1" name="zoopla.uk.myrunner.MyRunner" time="9.687" errors="0" timestamp="02 Sep 2022 15:53:44 GMT" skipped="0">
  <testcase classname="zoopla.uk.myrunner.MyRunner" name="runScenario" time="9.687"/>
</testsuite> <!-- zoopla.uk.myrunner.MyRunner -->
