<?xml version="1.0" encoding="UTF-8"?>
<!-- Generated by org.testng.reporters.JUnitReportReporter -->
<testsuite hostname="LAPTOP-SK1893TO" failures="0" tests="3" name="com.usa.failTestRun.DataProviderExample" time="0.010" errors="0" timestamp="10 Sep 2022 05:58:33 GMT" skipped="0">
  <testcase classname="com.usa.failTestRun.DataProviderExample" name="loginTest" time="0.000"/>
  <testcase classname="com.usa.failTestRun.DataProviderExample" name="loginTest" time="0.008"/>
  <testcase classname="com.usa.failTestRun.DataProviderExample" name="loginTest" time="0.002"/>
</testsuite> <!-- com.usa.failTestRun.DataProviderExample -->
