<?xml version="1.0" encoding="UTF-8"?>
<!-- Generated by org.testng.reporters.JUnitReportReporter -->
<testsuite hostname="LAPTOP-SK1893TO" failures="0" tests="1" name="pageObjectModle.VerifyLogInPage" time="12.466" errors="0" timestamp="07 Sep 2022 02:29:00 GMT" skipped="0">
  <testcase classname="pageObjectModle.VerifyLogInPage" name="verifyLogin" time="12.466"/>
</testsuite> <!-- pageObjectModle.VerifyLogInPage -->
