<?xml version="1.0" encoding="UTF-8"?>
<!-- Generated by org.testng.reporters.JUnitReportReporter -->
<testsuite hostname="LAPTOP-SK1893TO" failures="0" tests="1" name="pageObjectModle.VerifyLogInPage" time="12.069" errors="0" timestamp="23 Aug 2022 06:18:44 GMT" skipped="0">
  <testcase classname="pageObjectModle.VerifyLogInPage" name="verifyLogin" time="12.069"/>
</testsuite> <!-- pageObjectModle.VerifyLogInPage -->
