<?xml version="1.0" encoding="UTF-8"?>
<testsuite xmlns:xsi="http://www.w3.org/2001/XMLSchema-instance" xsi:noNamespaceSchemaLocation="https://maven.apache.org/surefire/maven-surefire-plugin/xsd/surefire-test-report-3.0.xsd" version="3.0" name="TestSuite" time="36.93" tests="3" errors="0" skipped="0" failures="3">
  <properties>
    <property name="java.specification.version" value="17"/>
    <property name="sun.cpu.isalist" value="amd64"/>
    <property name="sun.jnu.encoding" value="Cp1252"/>
    <property name="java.class.path" value="C:\Users\islam\eclipse-workspace\UFrame\target\test-classes;C:\Users\islam\eclipse-workspace\UFrame\target\classes;C:\Users\islam\.m2\repository\org\slf4j\slf4j-api\1.7.25\slf4j-api-1.7.25.jar;C:\Users\islam\.m2\repository\org\slf4j\slf4j-log4j12\1.7.25\slf4j-log4j12-1.7.25.jar;C:\Users\islam\.m2\repository\com\microsoft\sqlserver\mssql-jdbc\7.2.2.jre8\mssql-jdbc-7.2.2.jre8.jar;C:\Users\islam\.m2\repository\org\seleniumhq\selenium\selenium-java\3.141.59\selenium-java-3.141.59.jar;C:\Users\islam\.m2\repository\org\seleniumhq\selenium\selenium-api\3.141.59\selenium-api-3.141.59.jar;C:\Users\islam\.m2\repository\org\seleniumhq\selenium\selenium-edge-driver\3.141.59\selenium-edge-driver-3.141.59.jar;C:\Users\islam\.m2\repository\org\seleniumhq\selenium\selenium-firefox-driver\3.141.59\selenium-firefox-driver-3.141.59.jar;C:\Users\islam\.m2\repository\org\seleniumhq\selenium\selenium-ie-driver\3.141.59\selenium-ie-driver-3.141.59.jar;C:\Users\islam\.m2\repository\org\seleniumhq\selenium\selenium-opera-driver\3.141.59\selenium-opera-driver-3.141.59.jar;C:\Users\islam\.m2\repository\org\seleniumhq\selenium\selenium-remote-driver\3.141.59\selenium-remote-driver-3.141.59.jar;C:\Users\islam\.m2\repository\org\seleniumhq\selenium\selenium-safari-driver\3.141.59\selenium-safari-driver-3.141.59.jar;C:\Users\islam\.m2\repository\org\seleniumhq\selenium\selenium-support\3.141.59\selenium-support-3.141.59.jar;C:\Users\islam\.m2\repository\net\bytebuddy\byte-buddy\1.8.15\byte-buddy-1.8.15.jar;C:\Users\islam\.m2\repository\org\apache\commons\commons-exec\1.3\commons-exec-1.3.jar;C:\Users\islam\.m2\repository\com\google\guava\guava\25.0-jre\guava-25.0-jre.jar;C:\Users\islam\.m2\repository\com\google\code\findbugs\jsr305\1.3.9\jsr305-1.3.9.jar;C:\Users\islam\.m2\repository\org\checkerframework\checker-compat-qual\2.0.0\checker-compat-qual-2.0.0.jar;C:\Users\islam\.m2\repository\com\google\errorprone\error_prone_annotations\2.1.3\error_prone_annotations-2.1.3.jar;C:\Users\islam\.m2\repository\com\google\j2objc\j2objc-annotations\1.1\j2objc-annotations-1.1.jar;C:\Users\islam\.m2\repository\org\codehaus\mojo\animal-sniffer-annotations\1.14\animal-sniffer-annotations-1.14.jar;C:\Users\islam\.m2\repository\com\squareup\okhttp3\okhttp\3.11.0\okhttp-3.11.0.jar;C:\Users\islam\.m2\repository\com\squareup\okio\okio\1.14.0\okio-1.14.0.jar;C:\Users\islam\.m2\repository\org\seleniumhq\selenium\selenium-chrome-driver\3.11.0\selenium-chrome-driver-3.11.0.jar;C:\Users\islam\.m2\repository\commons-codec\commons-codec\1.10\commons-codec-1.10.jar;C:\Users\islam\.m2\repository\commons-logging\commons-logging\1.2\commons-logging-1.2.jar;C:\Users\islam\.m2\repository\org\apache\httpcomponents\httpclient\4.5.3\httpclient-4.5.3.jar;C:\Users\islam\.m2\repository\org\apache\httpcomponents\httpcore\4.4.6\httpcore-4.4.6.jar;C:\Users\islam\.m2\repository\org\seleniumhq\selenium\selenium-server\3.11.0\selenium-server-3.11.0.jar;C:\Users\islam\.m2\repository\com\beust\jcommander\1.72\jcommander-1.72.jar;C:\Users\islam\.m2\repository\org\apache\commons\commons-text\1.1\commons-text-1.1.jar;C:\Users\islam\.m2\repository\commons-io\commons-io\2.6\commons-io-2.6.jar;C:\Users\islam\.m2\repository\commons-net\commons-net\3.6\commons-net-3.6.jar;C:\Users\islam\.m2\repository\org\w3c\css\sac\1.3\sac-1.3.jar;C:\Users\islam\.m2\repository\net\sourceforge\cssparser\cssparser\0.9.24\cssparser-0.9.24.jar;C:\Users\islam\.m2\repository\net\sourceforge\htmlunit\htmlunit\2.29\htmlunit-2.29.jar;C:\Users\islam\.m2\repository\net\sourceforge\htmlunit\htmlunit-core-js\2.28\htmlunit-core-js-2.28.jar;C:\Users\islam\.m2\repository\net\sourceforge\htmlunit\neko-htmlunit\2.28\neko-htmlunit-2.28.jar;C:\Users\islam\.m2\repository\org\apache\httpcomponents\httpmime\4.5.3\httpmime-4.5.3.jar;C:\Users\islam\.m2\repository\net\jcip\jcip-annotations\1.0\jcip-annotations-1.0.jar;C:\Users\islam\.m2\repository\org\seleniumhq\selenium\jetty-repacked\9.4.7.v20171121\jetty-repacked-9.4.7.v20171121.jar;C:\Users\islam\.m2\repository\org\eclipse\jetty\jetty-client\9.4.7.v20170914\jetty-client-9.4.7.v20170914.jar;C:\Users\islam\.m2\repository\org\eclipse\jetty\jetty-http\9.4.8.v20171121\jetty-http-9.4.8.v20171121.jar;C:\Users\islam\.m2\repository\org\eclipse\jetty\jetty-io\9.4.8.v20171121\jetty-io-9.4.8.v20171121.jar;C:\Users\islam\.m2\repository\org\eclipse\jetty\jetty-util\9.4.8.v20171121\jetty-util-9.4.8.v20171121.jar;C:\Users\islam\.m2\repository\org\eclipse\jetty\jetty-xml\9.4.7.v20170914\jetty-xml-9.4.7.v20170914.jar;C:\Users\islam\.m2\repository\org\seleniumhq\selenium\htmlunit-driver\2.29.0\htmlunit-driver-2.29.0.jar;C:\Users\islam\.m2\repository\javax\servlet\javax.servlet-api\3.1.0\javax.servlet-api-3.1.0.jar;C:\Users\islam\.m2\repository\org\eclipse\jetty\websocket\websocket-api\9.4.7.v20170914\websocket-api-9.4.7.v20170914.jar;C:\Users\islam\.m2\repository\org\eclipse\jetty\websocket\websocket-client\9.4.7.v20170914\websocket-client-9.4.7.v20170914.jar;C:\Users\islam\.m2\repository\org\eclipse\jetty\websocket\websocket-common\9.4.7.v20170914\websocket-common-9.4.7.v20170914.jar;C:\Users\islam\.m2\repository\xalan\serializer\2.7.2\serializer-2.7.2.jar;C:\Users\islam\.m2\repository\xalan\xalan\2.7.2\xalan-2.7.2.jar;C:\Users\islam\.m2\repository\xerces\xercesImpl\2.11.0\xercesImpl-2.11.0.jar;C:\Users\islam\.m2\repository\xml-apis\xml-apis\1.4.01\xml-apis-1.4.01.jar;C:\Users\islam\.m2\repository\org\yaml\snakeyaml\1.19\snakeyaml-1.19.jar;C:\Users\islam\.m2\repository\io\rest-assured\rest-assured\4.0.0\rest-assured-4.0.0.jar;C:\Users\islam\.m2\repository\org\codehaus\groovy\groovy\2.5.6\groovy-2.5.6.jar;C:\Users\islam\.m2\repository\org\codehaus\groovy\groovy-xml\2.5.6\groovy-xml-2.5.6.jar;C:\Users\islam\.m2\repository\org\hamcrest\hamcrest-core\2.1\hamcrest-core-2.1.jar;C:\Users\islam\.m2\repository\org\hamcrest\hamcrest-library\2.1\hamcrest-library-2.1.jar;C:\Users\islam\.m2\repository\org\ccil\cowan\tagsoup\tagsoup\1.2.1\tagsoup-1.2.1.jar;C:\Users\islam\.m2\repository\io\rest-assured\json-path\4.0.0\json-path-4.0.0.jar;C:\Users\islam\.m2\repository\org\codehaus\groovy\groovy-json\2.5.6\groovy-json-2.5.6.jar;C:\Users\islam\.m2\repository\io\rest-assured\rest-assured-common\4.0.0\rest-assured-common-4.0.0.jar;C:\Users\islam\.m2\repository\io\rest-assured\xml-path\4.0.0\xml-path-4.0.0.jar;C:\Users\islam\.m2\repository\javax\xml\bind\jaxb-api\2.2.12\jaxb-api-2.2.12.jar;C:\Users\islam\.m2\repository\com\sun\xml\bind\jaxb-osgi\2.2.10\jaxb-osgi-2.2.10.jar;C:\Users\islam\.m2\repository\org\apache\sling\org.apache.sling.javax.activation\0.1.0\org.apache.sling.javax.activation-0.1.0.jar;C:\Users\islam\.m2\repository\org\testng\testng\6.14.3\testng-6.14.3.jar;C:\Users\islam\.m2\repository\org\apache-extras\beanshell\bsh\2.0b6\bsh-2.0b6.jar;C:\Users\islam\.m2\repository\log4j\log4j\1.2.17\log4j-1.2.17.jar;C:\Users\islam\.m2\repository\com\fasterxml\jackson\core\jackson-databind\2.9.8\jackson-databind-2.9.8.jar;C:\Users\islam\.m2\repository\com\fasterxml\jackson\core\jackson-annotations\2.9.0\jackson-annotations-2.9.0.jar;C:\Users\islam\.m2\repository\com\fasterxml\jackson\core\jackson-core\2.9.8\jackson-core-2.9.8.jar;C:\Users\islam\.m2\repository\org\apache\poi\ooxml-schemas\1.1\ooxml-schemas-1.1.jar;C:\Users\islam\.m2\repository\org\apache\xmlbeans\xmlbeans\2.3.0\xmlbeans-2.3.0.jar;C:\Users\islam\.m2\repository\stax\stax-api\1.0.1\stax-api-1.0.1.jar;C:\Users\islam\.m2\repository\org\apache\poi\openxml4j\1.0-beta\openxml4j-1.0-beta.jar;C:\Users\islam\.m2\repository\dom4j\dom4j\1.6.1\dom4j-1.6.1.jar;C:\Users\islam\.m2\repository\com\relevantcodes\extentreports\2.41.2\extentreports-2.41.2.jar;C:\Users\islam\.m2\repository\org\jsoup\jsoup\1.8.3\jsoup-1.8.3.jar;C:\Users\islam\.m2\repository\org\xerial\sqlite-jdbc\3.8.11.1\sqlite-jdbc-3.8.11.1.jar;C:\Users\islam\.m2\repository\org\freemarker\freemarker\2.3.23\freemarker-2.3.23.jar;C:\Users\islam\.m2\repository\org\mongodb\mongodb-driver\3.0.4\mongodb-driver-3.0.4.jar;C:\Users\islam\.m2\repository\org\mongodb\bson\3.0.4\bson-3.0.4.jar;C:\Users\islam\.m2\repository\org\mongodb\mongodb-driver-core\3.0.4\mongodb-driver-core-3.0.4.jar;C:\Users\islam\.m2\repository\org\apache\pdfbox\pdfbox\2.0.12\pdfbox-2.0.12.jar;C:\Users\islam\.m2\repository\org\apache\pdfbox\fontbox\2.0.12\fontbox-2.0.12.jar;C:\Users\islam\.m2\repository\com\googlecode\json-simple\json-simple\1.1.1\json-simple-1.1.1.jar;C:\Users\islam\.m2\repository\junit\junit\4.10\junit-4.10.jar;C:\Users\islam\.m2\repository\net\masterthought\maven-cucumber-reporting\3.14.0\maven-cucumber-reporting-3.14.0.jar;C:\Users\islam\.m2\repository\org\apache\maven\plugins\maven-gpg-plugin\1.6\maven-gpg-plugin-1.6.jar;C:\Users\islam\.m2\repository\org\apache\maven\maven-project\2.2.1\maven-project-2.2.1.jar;C:\Users\islam\.m2\repository\org\apache\maven\maven-profile\2.2.1\maven-profile-2.2.1.jar;C:\Users\islam\.m2\repository\org\apache\maven\maven-plugin-registry\2.2.1\maven-plugin-registry-2.2.1.jar;C:\Users\islam\.m2\repository\org\apache\maven\maven-repository-metadata\2.2.1\maven-repository-metadata-2.2.1.jar;C:\Users\islam\.m2\repository\org\sonatype\plexus\plexus-sec-dispatcher\1.4\plexus-sec-dispatcher-1.4.jar;C:\Users\islam\.m2\repository\org\sonatype\plexus\plexus-cipher\1.4\plexus-cipher-1.4.jar;C:\Users\islam\.m2\repository\net\masterthought\cucumber-reporting\3.14.0\cucumber-reporting-3.14.0.jar;C:\Users\islam\.m2\repository\org\apache\logging\log4j\log4j-api\2.8.2\log4j-api-2.8.2.jar;C:\Users\islam\.m2\repository\org\apache\logging\log4j\log4j-core\2.8.2\log4j-core-2.8.2.jar;C:\Users\islam\.m2\repository\org\apache\velocity\velocity\1.7\velocity-1.7.jar;C:\Users\islam\.m2\repository\commons-collections\commons-collections\3.2.1\commons-collections-3.2.1.jar;C:\Users\islam\.m2\repository\commons-lang\commons-lang\2.4\commons-lang-2.4.jar;C:\Users\islam\.m2\repository\velocity-tools\velocity-tools\1.4\velocity-tools-1.4.jar;C:\Users\islam\.m2\repository\joda-time\joda-time\2.9.9\joda-time-2.9.9.jar;C:\Users\islam\.m2\repository\net\lingala\zip4j\zip4j\1.3.2\zip4j-1.3.2.jar;C:\Users\islam\.m2\repository\com\googlecode\owasp-java-html-sanitizer\owasp-java-html-sanitizer\20170515.1\owasp-java-html-sanitizer-20170515.1.jar;C:\Users\islam\.m2\repository\commons-configuration\commons-configuration\1.6\commons-configuration-1.6.jar;C:\Users\islam\.m2\repository\commons-digester\commons-digester\1.8\commons-digester-1.8.jar;C:\Users\islam\.m2\repository\commons-beanutils\commons-beanutils\1.7.0\commons-beanutils-1.7.0.jar;C:\Users\islam\.m2\repository\commons-beanutils\commons-beanutils-core\1.8.0\commons-beanutils-core-1.8.0.jar;C:\Users\islam\.m2\repository\info\cukes\cucumber-core\1.2.5\cucumber-core-1.2.5.jar;C:\Users\islam\.m2\repository\info\cukes\cucumber-html\0.2.3\cucumber-html-0.2.3.jar;C:\Users\islam\.m2\repository\info\cukes\cucumber-jvm-deps\1.0.5\cucumber-jvm-deps-1.0.5.jar;C:\Users\islam\.m2\repository\info\cukes\gherkin\2.12.2\gherkin-2.12.2.jar;C:\Users\islam\.m2\repository\com\google\code\gson\gson\2.8.1\gson-2.8.1.jar;C:\Users\islam\.m2\repository\org\apache\maven\maven-plugin-api\3.5.0\maven-plugin-api-3.5.0.jar;C:\Users\islam\.m2\repository\org\apache\maven\maven-model\3.5.0\maven-model-3.5.0.jar;C:\Users\islam\.m2\repository\org\apache\maven\maven-artifact\3.5.0\maven-artifact-3.5.0.jar;C:\Users\islam\.m2\repository\org\eclipse\sisu\org.eclipse.sisu.plexus\0.3.3\org.eclipse.sisu.plexus-0.3.3.jar;C:\Users\islam\.m2\repository\javax\enterprise\cdi-api\1.0\cdi-api-1.0.jar;C:\Users\islam\.m2\repository\javax\annotation\jsr250-api\1.0\jsr250-api-1.0.jar;C:\Users\islam\.m2\repository\javax\inject\javax.inject\1\javax.inject-1.jar;C:\Users\islam\.m2\repository\org\eclipse\sisu\org.eclipse.sisu.inject\0.3.3\org.eclipse.sisu.inject-0.3.3.jar;C:\Users\islam\.m2\repository\org\codehaus\plexus\plexus-component-annotations\1.5.5\plexus-component-annotations-1.5.5.jar;C:\Users\islam\.m2\repository\org\codehaus\plexus\plexus-classworlds\2.5.2\plexus-classworlds-2.5.2.jar;C:\Users\islam\.m2\repository\org\apache\maven\plugins\maven-jar-plugin\3.0.2\maven-jar-plugin-3.0.2.jar;C:\Users\islam\.m2\repository\org\apache\maven\maven-core\3.0\maven-core-3.0.jar;C:\Users\islam\.m2\repository\org\apache\maven\maven-settings\3.0\maven-settings-3.0.jar;C:\Users\islam\.m2\repository\org\apache\maven\maven-settings-builder\3.0\maven-settings-builder-3.0.jar;C:\Users\islam\.m2\repository\org\apache\maven\maven-model-builder\3.0\maven-model-builder-3.0.jar;C:\Users\islam\.m2\repository\org\apache\maven\maven-aether-provider\3.0\maven-aether-provider-3.0.jar;C:\Users\islam\.m2\repository\org\sonatype\aether\aether-impl\1.7\aether-impl-1.7.jar;C:\Users\islam\.m2\repository\org\sonatype\aether\aether-spi\1.7\aether-spi-1.7.jar;C:\Users\islam\.m2\repository\org\sonatype\aether\aether-api\1.7\aether-api-1.7.jar;C:\Users\islam\.m2\repository\org\sonatype\aether\aether-util\1.7\aether-util-1.7.jar;C:\Users\islam\.m2\repository\org\sonatype\sisu\sisu-inject-plexus\1.4.2\sisu-inject-plexus-1.4.2.jar;C:\Users\islam\.m2\repository\org\sonatype\sisu\sisu-inject-bean\1.4.2\sisu-inject-bean-1.4.2.jar;C:\Users\islam\.m2\repository\org\sonatype\sisu\sisu-guice\2.1.7\sisu-guice-2.1.7-noaop.jar;C:\Users\islam\.m2\repository\org\codehaus\plexus\plexus-interpolation\1.14\plexus-interpolation-1.14.jar;C:\Users\islam\.m2\repository\org\apache\maven\maven-archiver\3.1.1\maven-archiver-3.1.1.jar;C:\Users\islam\.m2\repository\org\apache\maven\shared\maven-shared-utils\3.0.1\maven-shared-utils-3.0.1.jar;C:\Users\islam\.m2\repository\org\codehaus\plexus\plexus-archiver\3.4\plexus-archiver-3.4.jar;C:\Users\islam\.m2\repository\org\codehaus\plexus\plexus-io\2.7.1\plexus-io-2.7.1.jar;C:\Users\islam\.m2\repository\org\apache\commons\commons-compress\1.11\commons-compress-1.11.jar;C:\Users\islam\.m2\repository\org\iq80\snappy\snappy\0.4\snappy-0.4.jar;C:\Users\islam\.m2\repository\org\tukaani\xz\1.5\xz-1.5.jar;C:\Users\islam\.m2\repository\org\codehaus\plexus\plexus-utils\3.0.24\plexus-utils-3.0.24.jar;C:\Users\islam\.m2\repository\io\cucumber\cucumber-testng\6.10.4\cucumber-testng-6.10.4.jar;C:\Users\islam\.m2\repository\org\apiguardian\apiguardian-api\1.1.1\apiguardian-api-1.1.1.jar;C:\Users\islam\.m2\repository\io\cucumber\cucumber-core\6.10.4\cucumber-core-6.10.4.jar;C:\Users\islam\.m2\repository\io\cucumber\cucumber-gherkin\6.10.4\cucumber-gherkin-6.10.4.jar;C:\Users\islam\.m2\repository\io\cucumber\cucumber-gherkin-messages\6.10.4\cucumber-gherkin-messages-6.10.4.jar;C:\Users\islam\.m2\repository\io\cucumber\messages\15.0.0\messages-15.0.0.jar;C:\Users\islam\.m2\repository\io\cucumber\tag-expressions\3.0.1\tag-expressions-3.0.1.jar;C:\Users\islam\.m2\repository\io\cucumber\cucumber-expressions\10.3.0\cucumber-expressions-10.3.0.jar;C:\Users\islam\.m2\repository\io\cucumber\datatable\3.5.0\datatable-3.5.0.jar;C:\Users\islam\.m2\repository\io\cucumber\cucumber-plugin\6.10.4\cucumber-plugin-6.10.4.jar;C:\Users\islam\.m2\repository\io\cucumber\docstring\6.10.4\docstring-6.10.4.jar;C:\Users\islam\.m2\repository\io\cucumber\html-formatter\13.0.0\html-formatter-13.0.0.jar;C:\Users\islam\.m2\repository\io\cucumber\create-meta\4.0.0\create-meta-4.0.0.jar;C:\Users\islam\.m2\repository\io\cucumber\cucumber-java\6.10.4\cucumber-java-6.10.4.jar;C:\Users\islam\.m2\repository\org\hamcrest\hamcrest\2.2\hamcrest-2.2.jar;C:\Users\islam\.m2\repository\info\cukes\cucumber-junit\1.2.5\cucumber-junit-1.2.5.jar;C:\Users\islam\.m2\repository\com\github\scribejava\scribejava-apis\2.5.3\scribejava-apis-2.5.3.jar;C:\Users\islam\.m2\repository\com\github\scribejava\scribejava-core\2.5.3\scribejava-core-2.5.3.jar;C:\Users\islam\.m2\repository\com\sun\xml\bind\jaxb-impl\2.3.0\jaxb-impl-2.3.0.jar;C:\Users\islam\.m2\repository\javax\activation\activation\1.1.1\activation-1.1.1.jar;C:\Users\islam\.m2\repository\org\apache\commons\commons-lang3\3.0\commons-lang3-3.0.jar;C:\Users\islam\.m2\repository\com\oracle\ojdbc\ojdbc8\19.3.0.0\ojdbc8-19.3.0.0.jar;C:\Users\islam\.m2\repository\com\oracle\ojdbc\ucp\19.3.0.0\ucp-19.3.0.0.jar;C:\Users\islam\.m2\repository\com\oracle\ojdbc\oraclepki\19.3.0.0\oraclepki-19.3.0.0.jar;C:\Users\islam\.m2\repository\com\oracle\ojdbc\osdt_cert\19.3.0.0\osdt_cert-19.3.0.0.jar;C:\Users\islam\.m2\repository\com\oracle\ojdbc\osdt_core\19.3.0.0\osdt_core-19.3.0.0.jar;C:\Users\islam\.m2\repository\com\oracle\ojdbc\simplefan\19.3.0.0\simplefan-19.3.0.0.jar;C:\Users\islam\.m2\repository\com\oracle\ojdbc\ons\19.3.0.0\ons-19.3.0.0.jar;C:\Users\islam\.m2\repository\com\vimalselvam\cucumber-extentsreport\3.0.2\cucumber-extentsreport-3.0.2.jar;C:\Users\islam\.m2\repository\com\aventstack\extentreports\3.1.2\extentreports-3.1.2.jar;C:\Users\islam\.m2\repository\org\apache\maven\shared\file-management\1.2.1\file-management-1.2.1.jar;C:\Users\islam\.m2\repository\org\apache\maven\shared\maven-shared-io\1.1\maven-shared-io-1.1.jar;C:\Users\islam\.m2\repository\org\apache\maven\maven-artifact-manager\2.0.2\maven-artifact-manager-2.0.2.jar;C:\Users\islam\.m2\repository\org\apache\maven\wagon\wagon-provider-api\1.0-alpha-6\wagon-provider-api-1.0-alpha-6.jar;C:\Users\islam\.m2\repository\org\codehaus\plexus\plexus-container-default\1.0-alpha-9\plexus-container-default-1.0-alpha-9.jar;C:\Users\islam\.m2\repository\classworlds\classworlds\1.1-alpha-2\classworlds-1.1-alpha-2.jar;C:\Users\islam\.m2\repository\org\apache\poi\poi\3.9\poi-3.9.jar;C:\Users\islam\.m2\repository\org\apache\poi\poi-ooxml\3.9\poi-ooxml-3.9.jar;C:\Users\islam\.m2\repository\io\github\bonigarcia\webdrivermanager\5.0.3\webdrivermanager-5.0.3.jar;C:\Users\islam\.m2\repository\com\github\docker-java\docker-java\3.2.12\docker-java-3.2.12.jar;C:\Users\islam\.m2\repository\com\github\docker-java\docker-java-core\3.2.12\docker-java-core-3.2.12.jar;C:\Users\islam\.m2\repository\com\github\docker-java\docker-java-api\3.2.12\docker-java-api-3.2.12.jar;C:\Users\islam\.m2\repository\org\bouncycastle\bcpkix-jdk15on\1.64\bcpkix-jdk15on-1.64.jar;C:\Users\islam\.m2\repository\org\bouncycastle\bcprov-jdk15on\1.64\bcprov-jdk15on-1.64.jar;C:\Users\islam\.m2\repository\org\slf4j\jcl-over-slf4j\1.7.30\jcl-over-slf4j-1.7.30.jar;C:\Users\islam\.m2\repository\com\github\docker-java\docker-java-transport-httpclient5\3.2.12\docker-java-transport-httpclient5-3.2.12.jar;C:\Users\islam\.m2\repository\com\github\docker-java\docker-java-transport\3.2.12\docker-java-transport-3.2.12.jar;C:\Users\islam\.m2\repository\org\apache\httpcomponents\client5\httpclient5\5.0.3\httpclient5-5.0.3.jar;C:\Users\islam\.m2\repository\org\apache\httpcomponents\core5\httpcore5\5.0.2\httpcore5-5.0.2.jar;C:\Users\islam\.m2\repository\net\java\dev\jna\jna\5.8.0\jna-5.8.0.jar;C:\Users\islam\.m2\repository\org\brotli\dec\0.1.2\dec-0.1.2.jar;C:\Users\islam\.m2\repository\org\apache\juneau\juneau-marshall\8.2.0\juneau-marshall-8.2.0.jar;C:\Users\islam\.m2\repository\org\apache\poi\poi-ooxml-schemas\3.9\poi-ooxml-schemas-3.9.jar;C:\Users\islam\.m2\repository\org\apache\poi\poi-scratchpad\3.9\poi-scratchpad-3.9.jar;"/>
    <property name="java.vm.vendor" value="Eclipse Adoptium"/>
    <property name="sun.arch.data.model" value="64"/>
    <property name="user.variant" value=""/>
    <property name="java.vendor.url" value="https://adoptium.net/"/>
    <property name="user.timezone" value="America/New_York"/>
    <property name="os.name" value="Windows 10"/>
    <property name="java.vm.specification.version" value="17"/>
    <property name="sun.java.launcher" value="SUN_STANDARD"/>
    <property name="user.country" value="US"/>
    <property name="sun.boot.library.path" value="C:\Users\islam\.p2\pool\plugins\org.eclipse.justj.openjdk.hotspot.jre.full.win32.x86_64_17.0.1.v20211116-1657\jre\bin"/>
    <property name="sun.java.command" value="C:\Users\islam\AppData\Local\Temp\surefire18205747805021303321\surefirebooter5542476388052715948.jar C:\Users\islam\AppData\Local\Temp\surefire18205747805021303321 2022-09-10T02-49-49_329-jvmRun1 surefire18375724120443723233tmp surefire_06510947759853471227tmp"/>
    <property name="jdk.debug" value="release"/>
    <property name="surefire.test.class.path" value="C:\Users\islam\eclipse-workspace\UFrame\target\test-classes;C:\Users\islam\eclipse-workspace\UFrame\target\classes;C:\Users\islam\.m2\repository\org\slf4j\slf4j-api\1.7.25\slf4j-api-1.7.25.jar;C:\Users\islam\.m2\repository\org\slf4j\slf4j-log4j12\1.7.25\slf4j-log4j12-1.7.25.jar;C:\Users\islam\.m2\repository\com\microsoft\sqlserver\mssql-jdbc\7.2.2.jre8\mssql-jdbc-7.2.2.jre8.jar;C:\Users\islam\.m2\repository\org\seleniumhq\selenium\selenium-java\3.141.59\selenium-java-3.141.59.jar;C:\Users\islam\.m2\repository\org\seleniumhq\selenium\selenium-api\3.141.59\selenium-api-3.141.59.jar;C:\Users\islam\.m2\repository\org\seleniumhq\selenium\selenium-edge-driver\3.141.59\selenium-edge-driver-3.141.59.jar;C:\Users\islam\.m2\repository\org\seleniumhq\selenium\selenium-firefox-driver\3.141.59\selenium-firefox-driver-3.141.59.jar;C:\Users\islam\.m2\repository\org\seleniumhq\selenium\selenium-ie-driver\3.141.59\selenium-ie-driver-3.141.59.jar;C:\Users\islam\.m2\repository\org\seleniumhq\selenium\selenium-opera-driver\3.141.59\selenium-opera-driver-3.141.59.jar;C:\Users\islam\.m2\repository\org\seleniumhq\selenium\selenium-remote-driver\3.141.59\selenium-remote-driver-3.141.59.jar;C:\Users\islam\.m2\repository\org\seleniumhq\selenium\selenium-safari-driver\3.141.59\selenium-safari-driver-3.141.59.jar;C:\Users\islam\.m2\repository\org\seleniumhq\selenium\selenium-support\3.141.59\selenium-support-3.141.59.jar;C:\Users\islam\.m2\repository\net\bytebuddy\byte-buddy\1.8.15\byte-buddy-1.8.15.jar;C:\Users\islam\.m2\repository\org\apache\commons\commons-exec\1.3\commons-exec-1.3.jar;C:\Users\islam\.m2\repository\com\google\guava\guava\25.0-jre\guava-25.0-jre.jar;C:\Users\islam\.m2\repository\com\google\code\findbugs\jsr305\1.3.9\jsr305-1.3.9.jar;C:\Users\islam\.m2\repository\org\checkerframework\checker-compat-qual\2.0.0\checker-compat-qual-2.0.0.jar;C:\Users\islam\.m2\repository\com\google\errorprone\error_prone_annotations\2.1.3\error_prone_annotations-2.1.3.jar;C:\Users\islam\.m2\repository\com\google\j2objc\j2objc-annotations\1.1\j2objc-annotations-1.1.jar;C:\Users\islam\.m2\repository\org\codehaus\mojo\animal-sniffer-annotations\1.14\animal-sniffer-annotations-1.14.jar;C:\Users\islam\.m2\repository\com\squareup\okhttp3\okhttp\3.11.0\okhttp-3.11.0.jar;C:\Users\islam\.m2\repository\com\squareup\okio\okio\1.14.0\okio-1.14.0.jar;C:\Users\islam\.m2\repository\org\seleniumhq\selenium\selenium-chrome-driver\3.11.0\selenium-chrome-driver-3.11.0.jar;C:\Users\islam\.m2\repository\commons-codec\commons-codec\1.10\commons-codec-1.10.jar;C:\Users\islam\.m2\repository\commons-logging\commons-logging\1.2\commons-logging-1.2.jar;C:\Users\islam\.m2\repository\org\apache\httpcomponents\httpclient\4.5.3\httpclient-4.5.3.jar;C:\Users\islam\.m2\repository\org\apache\httpcomponents\httpcore\4.4.6\httpcore-4.4.6.jar;C:\Users\islam\.m2\repository\org\seleniumhq\selenium\selenium-server\3.11.0\selenium-server-3.11.0.jar;C:\Users\islam\.m2\repository\com\beust\jcommander\1.72\jcommander-1.72.jar;C:\Users\islam\.m2\repository\org\apache\commons\commons-text\1.1\commons-text-1.1.jar;C:\Users\islam\.m2\repository\commons-io\commons-io\2.6\commons-io-2.6.jar;C:\Users\islam\.m2\repository\commons-net\commons-net\3.6\commons-net-3.6.jar;C:\Users\islam\.m2\repository\org\w3c\css\sac\1.3\sac-1.3.jar;C:\Users\islam\.m2\repository\net\sourceforge\cssparser\cssparser\0.9.24\cssparser-0.9.24.jar;C:\Users\islam\.m2\repository\net\sourceforge\htmlunit\htmlunit\2.29\htmlunit-2.29.jar;C:\Users\islam\.m2\repository\net\sourceforge\htmlunit\htmlunit-core-js\2.28\htmlunit-core-js-2.28.jar;C:\Users\islam\.m2\repository\net\sourceforge\htmlunit\neko-htmlunit\2.28\neko-htmlunit-2.28.jar;C:\Users\islam\.m2\repository\org\apache\httpcomponents\httpmime\4.5.3\httpmime-4.5.3.jar;C:\Users\islam\.m2\repository\net\jcip\jcip-annotations\1.0\jcip-annotations-1.0.jar;C:\Users\islam\.m2\repository\org\seleniumhq\selenium\jetty-repacked\9.4.7.v20171121\jetty-repacked-9.4.7.v20171121.jar;C:\Users\islam\.m2\repository\org\eclipse\jetty\jetty-client\9.4.7.v20170914\jetty-client-9.4.7.v20170914.jar;C:\Users\islam\.m2\repository\org\eclipse\jetty\jetty-http\9.4.8.v20171121\jetty-http-9.4.8.v20171121.jar;C:\Users\islam\.m2\repository\org\eclipse\jetty\jetty-io\9.4.8.v20171121\jetty-io-9.4.8.v20171121.jar;C:\Users\islam\.m2\repository\org\eclipse\jetty\jetty-util\9.4.8.v20171121\jetty-util-9.4.8.v20171121.jar;C:\Users\islam\.m2\repository\org\eclipse\jetty\jetty-xml\9.4.7.v20170914\jetty-xml-9.4.7.v20170914.jar;C:\Users\islam\.m2\repository\org\seleniumhq\selenium\htmlunit-driver\2.29.0\htmlunit-driver-2.29.0.jar;C:\Users\islam\.m2\repository\javax\servlet\javax.servlet-api\3.1.0\javax.servlet-api-3.1.0.jar;C:\Users\islam\.m2\repository\org\eclipse\jetty\websocket\websocket-api\9.4.7.v20170914\websocket-api-9.4.7.v20170914.jar;C:\Users\islam\.m2\repository\org\eclipse\jetty\websocket\websocket-client\9.4.7.v20170914\websocket-client-9.4.7.v20170914.jar;C:\Users\islam\.m2\repository\org\eclipse\jetty\websocket\websocket-common\9.4.7.v20170914\websocket-common-9.4.7.v20170914.jar;C:\Users\islam\.m2\repository\xalan\serializer\2.7.2\serializer-2.7.2.jar;C:\Users\islam\.m2\repository\xalan\xalan\2.7.2\xalan-2.7.2.jar;C:\Users\islam\.m2\repository\xerces\xercesImpl\2.11.0\xercesImpl-2.11.0.jar;C:\Users\islam\.m2\repository\xml-apis\xml-apis\1.4.01\xml-apis-1.4.01.jar;C:\Users\islam\.m2\repository\org\yaml\snakeyaml\1.19\snakeyaml-1.19.jar;C:\Users\islam\.m2\repository\io\rest-assured\rest-assured\4.0.0\rest-assured-4.0.0.jar;C:\Users\islam\.m2\repository\org\codehaus\groovy\groovy\2.5.6\groovy-2.5.6.jar;C:\Users\islam\.m2\repository\org\codehaus\groovy\groovy-xml\2.5.6\groovy-xml-2.5.6.jar;C:\Users\islam\.m2\repository\org\hamcrest\hamcrest-core\2.1\hamcrest-core-2.1.jar;C:\Users\islam\.m2\repository\org\hamcrest\hamcrest-library\2.1\hamcrest-library-2.1.jar;C:\Users\islam\.m2\repository\org\ccil\cowan\tagsoup\tagsoup\1.2.1\tagsoup-1.2.1.jar;C:\Users\islam\.m2\repository\io\rest-assured\json-path\4.0.0\json-path-4.0.0.jar;C:\Users\islam\.m2\repository\org\codehaus\groovy\groovy-json\2.5.6\groovy-json-2.5.6.jar;C:\Users\islam\.m2\repository\io\rest-assured\rest-assured-common\4.0.0\rest-assured-common-4.0.0.jar;C:\Users\islam\.m2\repository\io\rest-assured\xml-path\4.0.0\xml-path-4.0.0.jar;C:\Users\islam\.m2\repository\javax\xml\bind\jaxb-api\2.2.12\jaxb-api-2.2.12.jar;C:\Users\islam\.m2\repository\com\sun\xml\bind\jaxb-osgi\2.2.10\jaxb-osgi-2.2.10.jar;C:\Users\islam\.m2\repository\org\apache\sling\org.apache.sling.javax.activation\0.1.0\org.apache.sling.javax.activation-0.1.0.jar;C:\Users\islam\.m2\repository\org\testng\testng\6.14.3\testng-6.14.3.jar;C:\Users\islam\.m2\repository\org\apache-extras\beanshell\bsh\2.0b6\bsh-2.0b6.jar;C:\Users\islam\.m2\repository\log4j\log4j\1.2.17\log4j-1.2.17.jar;C:\Users\islam\.m2\repository\com\fasterxml\jackson\core\jackson-databind\2.9.8\jackson-databind-2.9.8.jar;C:\Users\islam\.m2\repository\com\fasterxml\jackson\core\jackson-annotations\2.9.0\jackson-annotations-2.9.0.jar;C:\Users\islam\.m2\repository\com\fasterxml\jackson\core\jackson-core\2.9.8\jackson-core-2.9.8.jar;C:\Users\islam\.m2\repository\org\apache\poi\ooxml-schemas\1.1\ooxml-schemas-1.1.jar;C:\Users\islam\.m2\repository\org\apache\xmlbeans\xmlbeans\2.3.0\xmlbeans-2.3.0.jar;C:\Users\islam\.m2\repository\stax\stax-api\1.0.1\stax-api-1.0.1.jar;C:\Users\islam\.m2\repository\org\apache\poi\openxml4j\1.0-beta\openxml4j-1.0-beta.jar;C:\Users\islam\.m2\repository\dom4j\dom4j\1.6.1\dom4j-1.6.1.jar;C:\Users\islam\.m2\repository\com\relevantcodes\extentreports\2.41.2\extentreports-2.41.2.jar;C:\Users\islam\.m2\repository\org\jsoup\jsoup\1.8.3\jsoup-1.8.3.jar;C:\Users\islam\.m2\repository\org\xerial\sqlite-jdbc\3.8.11.1\sqlite-jdbc-3.8.11.1.jar;C:\Users\islam\.m2\repository\org\freemarker\freemarker\2.3.23\freemarker-2.3.23.jar;C:\Users\islam\.m2\repository\org\mongodb\mongodb-driver\3.0.4\mongodb-driver-3.0.4.jar;C:\Users\islam\.m2\repository\org\mongodb\bson\3.0.4\bson-3.0.4.jar;C:\Users\islam\.m2\repository\org\mongodb\mongodb-driver-core\3.0.4\mongodb-driver-core-3.0.4.jar;C:\Users\islam\.m2\repository\org\apache\pdfbox\pdfbox\2.0.12\pdfbox-2.0.12.jar;C:\Users\islam\.m2\repository\org\apache\pdfbox\fontbox\2.0.12\fontbox-2.0.12.jar;C:\Users\islam\.m2\repository\com\googlecode\json-simple\json-simple\1.1.1\json-simple-1.1.1.jar;C:\Users\islam\.m2\repository\junit\junit\4.10\junit-4.10.jar;C:\Users\islam\.m2\repository\net\masterthought\maven-cucumber-reporting\3.14.0\maven-cucumber-reporting-3.14.0.jar;C:\Users\islam\.m2\repository\org\apache\maven\plugins\maven-gpg-plugin\1.6\maven-gpg-plugin-1.6.jar;C:\Users\islam\.m2\repository\org\apache\maven\maven-project\2.2.1\maven-project-2.2.1.jar;C:\Users\islam\.m2\repository\org\apache\maven\maven-profile\2.2.1\maven-profile-2.2.1.jar;C:\Users\islam\.m2\repository\org\apache\maven\maven-plugin-registry\2.2.1\maven-plugin-registry-2.2.1.jar;C:\Users\islam\.m2\repository\org\apache\maven\maven-repository-metadata\2.2.1\maven-repository-metadata-2.2.1.jar;C:\Users\islam\.m2\repository\org\sonatype\plexus\plexus-sec-dispatcher\1.4\plexus-sec-dispatcher-1.4.jar;C:\Users\islam\.m2\repository\org\sonatype\plexus\plexus-cipher\1.4\plexus-cipher-1.4.jar;C:\Users\islam\.m2\repository\net\masterthought\cucumber-reporting\3.14.0\cucumber-reporting-3.14.0.jar;C:\Users\islam\.m2\repository\org\apache\logging\log4j\log4j-api\2.8.2\log4j-api-2.8.2.jar;C:\Users\islam\.m2\repository\org\apache\logging\log4j\log4j-core\2.8.2\log4j-core-2.8.2.jar;C:\Users\islam\.m2\repository\org\apache\velocity\velocity\1.7\velocity-1.7.jar;C:\Users\islam\.m2\repository\commons-collections\commons-collections\3.2.1\commons-collections-3.2.1.jar;C:\Users\islam\.m2\repository\commons-lang\commons-lang\2.4\commons-lang-2.4.jar;C:\Users\islam\.m2\repository\velocity-tools\velocity-tools\1.4\velocity-tools-1.4.jar;C:\Users\islam\.m2\repository\joda-time\joda-time\2.9.9\joda-time-2.9.9.jar;C:\Users\islam\.m2\repository\net\lingala\zip4j\zip4j\1.3.2\zip4j-1.3.2.jar;C:\Users\islam\.m2\repository\com\googlecode\owasp-java-html-sanitizer\owasp-java-html-sanitizer\20170515.1\owasp-java-html-sanitizer-20170515.1.jar;C:\Users\islam\.m2\repository\commons-configuration\commons-configuration\1.6\commons-configuration-1.6.jar;C:\Users\islam\.m2\repository\commons-digester\commons-digester\1.8\commons-digester-1.8.jar;C:\Users\islam\.m2\repository\commons-beanutils\commons-beanutils\1.7.0\commons-beanutils-1.7.0.jar;C:\Users\islam\.m2\repository\commons-beanutils\commons-beanutils-core\1.8.0\commons-beanutils-core-1.8.0.jar;C:\Users\islam\.m2\repository\info\cukes\cucumber-core\1.2.5\cucumber-core-1.2.5.jar;C:\Users\islam\.m2\repository\info\cukes\cucumber-html\0.2.3\cucumber-html-0.2.3.jar;C:\Users\islam\.m2\repository\info\cukes\cucumber-jvm-deps\1.0.5\cucumber-jvm-deps-1.0.5.jar;C:\Users\islam\.m2\repository\info\cukes\gherkin\2.12.2\gherkin-2.12.2.jar;C:\Users\islam\.m2\repository\com\google\code\gson\gson\2.8.1\gson-2.8.1.jar;C:\Users\islam\.m2\repository\org\apache\maven\maven-plugin-api\3.5.0\maven-plugin-api-3.5.0.jar;C:\Users\islam\.m2\repository\org\apache\maven\maven-model\3.5.0\maven-model-3.5.0.jar;C:\Users\islam\.m2\repository\org\apache\maven\maven-artifact\3.5.0\maven-artifact-3.5.0.jar;C:\Users\islam\.m2\repository\org\eclipse\sisu\org.eclipse.sisu.plexus\0.3.3\org.eclipse.sisu.plexus-0.3.3.jar;C:\Users\islam\.m2\repository\javax\enterprise\cdi-api\1.0\cdi-api-1.0.jar;C:\Users\islam\.m2\repository\javax\annotation\jsr250-api\1.0\jsr250-api-1.0.jar;C:\Users\islam\.m2\repository\javax\inject\javax.inject\1\javax.inject-1.jar;C:\Users\islam\.m2\repository\org\eclipse\sisu\org.eclipse.sisu.inject\0.3.3\org.eclipse.sisu.inject-0.3.3.jar;C:\Users\islam\.m2\repository\org\codehaus\plexus\plexus-component-annotations\1.5.5\plexus-component-annotations-1.5.5.jar;C:\Users\islam\.m2\repository\org\codehaus\plexus\plexus-classworlds\2.5.2\plexus-classworlds-2.5.2.jar;C:\Users\islam\.m2\repository\org\apache\maven\plugins\maven-jar-plugin\3.0.2\maven-jar-plugin-3.0.2.jar;C:\Users\islam\.m2\repository\org\apache\maven\maven-core\3.0\maven-core-3.0.jar;C:\Users\islam\.m2\repository\org\apache\maven\maven-settings\3.0\maven-settings-3.0.jar;C:\Users\islam\.m2\repository\org\apache\maven\maven-settings-builder\3.0\maven-settings-builder-3.0.jar;C:\Users\islam\.m2\repository\org\apache\maven\maven-model-builder\3.0\maven-model-builder-3.0.jar;C:\Users\islam\.m2\repository\org\apache\maven\maven-aether-provider\3.0\maven-aether-provider-3.0.jar;C:\Users\islam\.m2\repository\org\sonatype\aether\aether-impl\1.7\aether-impl-1.7.jar;C:\Users\islam\.m2\repository\org\sonatype\aether\aether-spi\1.7\aether-spi-1.7.jar;C:\Users\islam\.m2\repository\org\sonatype\aether\aether-api\1.7\aether-api-1.7.jar;C:\Users\islam\.m2\repository\org\sonatype\aether\aether-util\1.7\aether-util-1.7.jar;C:\Users\islam\.m2\repository\org\sonatype\sisu\sisu-inject-plexus\1.4.2\sisu-inject-plexus-1.4.2.jar;C:\Users\islam\.m2\repository\org\sonatype\sisu\sisu-inject-bean\1.4.2\sisu-inject-bean-1.4.2.jar;C:\Users\islam\.m2\repository\org\sonatype\sisu\sisu-guice\2.1.7\sisu-guice-2.1.7-noaop.jar;C:\Users\islam\.m2\repository\org\codehaus\plexus\plexus-interpolation\1.14\plexus-interpolation-1.14.jar;C:\Users\islam\.m2\repository\org\apache\maven\maven-archiver\3.1.1\maven-archiver-3.1.1.jar;C:\Users\islam\.m2\repository\org\apache\maven\shared\maven-shared-utils\3.0.1\maven-shared-utils-3.0.1.jar;C:\Users\islam\.m2\repository\org\codehaus\plexus\plexus-archiver\3.4\plexus-archiver-3.4.jar;C:\Users\islam\.m2\repository\org\codehaus\plexus\plexus-io\2.7.1\plexus-io-2.7.1.jar;C:\Users\islam\.m2\repository\org\apache\commons\commons-compress\1.11\commons-compress-1.11.jar;C:\Users\islam\.m2\repository\org\iq80\snappy\snappy\0.4\snappy-0.4.jar;C:\Users\islam\.m2\repository\org\tukaani\xz\1.5\xz-1.5.jar;C:\Users\islam\.m2\repository\org\codehaus\plexus\plexus-utils\3.0.24\plexus-utils-3.0.24.jar;C:\Users\islam\.m2\repository\io\cucumber\cucumber-testng\6.10.4\cucumber-testng-6.10.4.jar;C:\Users\islam\.m2\repository\org\apiguardian\apiguardian-api\1.1.1\apiguardian-api-1.1.1.jar;C:\Users\islam\.m2\repository\io\cucumber\cucumber-core\6.10.4\cucumber-core-6.10.4.jar;C:\Users\islam\.m2\repository\io\cucumber\cucumber-gherkin\6.10.4\cucumber-gherkin-6.10.4.jar;C:\Users\islam\.m2\repository\io\cucumber\cucumber-gherkin-messages\6.10.4\cucumber-gherkin-messages-6.10.4.jar;C:\Users\islam\.m2\repository\io\cucumber\messages\15.0.0\messages-15.0.0.jar;C:\Users\islam\.m2\repository\io\cucumber\tag-expressions\3.0.1\tag-expressions-3.0.1.jar;C:\Users\islam\.m2\repository\io\cucumber\cucumber-expressions\10.3.0\cucumber-expressions-10.3.0.jar;C:\Users\islam\.m2\repository\io\cucumber\datatable\3.5.0\datatable-3.5.0.jar;C:\Users\islam\.m2\repository\io\cucumber\cucumber-plugin\6.10.4\cucumber-plugin-6.10.4.jar;C:\Users\islam\.m2\repository\io\cucumber\docstring\6.10.4\docstring-6.10.4.jar;C:\Users\islam\.m2\repository\io\cucumber\html-formatter\13.0.0\html-formatter-13.0.0.jar;C:\Users\islam\.m2\repository\io\cucumber\create-meta\4.0.0\create-meta-4.0.0.jar;C:\Users\islam\.m2\repository\io\cucumber\cucumber-java\6.10.4\cucumber-java-6.10.4.jar;C:\Users\islam\.m2\repository\org\hamcrest\hamcrest\2.2\hamcrest-2.2.jar;C:\Users\islam\.m2\repository\info\cukes\cucumber-junit\1.2.5\cucumber-junit-1.2.5.jar;C:\Users\islam\.m2\repository\com\github\scribejava\scribejava-apis\2.5.3\scribejava-apis-2.5.3.jar;C:\Users\islam\.m2\repository\com\github\scribejava\scribejava-core\2.5.3\scribejava-core-2.5.3.jar;C:\Users\islam\.m2\repository\com\sun\xml\bind\jaxb-impl\2.3.0\jaxb-impl-2.3.0.jar;C:\Users\islam\.m2\repository\javax\activation\activation\1.1.1\activation-1.1.1.jar;C:\Users\islam\.m2\repository\org\apache\commons\commons-lang3\3.0\commons-lang3-3.0.jar;C:\Users\islam\.m2\repository\com\oracle\ojdbc\ojdbc8\19.3.0.0\ojdbc8-19.3.0.0.jar;C:\Users\islam\.m2\repository\com\oracle\ojdbc\ucp\19.3.0.0\ucp-19.3.0.0.jar;C:\Users\islam\.m2\repository\com\oracle\ojdbc\oraclepki\19.3.0.0\oraclepki-19.3.0.0.jar;C:\Users\islam\.m2\repository\com\oracle\ojdbc\osdt_cert\19.3.0.0\osdt_cert-19.3.0.0.jar;C:\Users\islam\.m2\repository\com\oracle\ojdbc\osdt_core\19.3.0.0\osdt_core-19.3.0.0.jar;C:\Users\islam\.m2\repository\com\oracle\ojdbc\simplefan\19.3.0.0\simplefan-19.3.0.0.jar;C:\Users\islam\.m2\repository\com\oracle\ojdbc\ons\19.3.0.0\ons-19.3.0.0.jar;C:\Users\islam\.m2\repository\com\vimalselvam\cucumber-extentsreport\3.0.2\cucumber-extentsreport-3.0.2.jar;C:\Users\islam\.m2\repository\com\aventstack\extentreports\3.1.2\extentreports-3.1.2.jar;C:\Users\islam\.m2\repository\org\apache\maven\shared\file-management\1.2.1\file-management-1.2.1.jar;C:\Users\islam\.m2\repository\org\apache\maven\shared\maven-shared-io\1.1\maven-shared-io-1.1.jar;C:\Users\islam\.m2\repository\org\apache\maven\maven-artifact-manager\2.0.2\maven-artifact-manager-2.0.2.jar;C:\Users\islam\.m2\repository\org\apache\maven\wagon\wagon-provider-api\1.0-alpha-6\wagon-provider-api-1.0-alpha-6.jar;C:\Users\islam\.m2\repository\org\codehaus\plexus\plexus-container-default\1.0-alpha-9\plexus-container-default-1.0-alpha-9.jar;C:\Users\islam\.m2\repository\classworlds\classworlds\1.1-alpha-2\classworlds-1.1-alpha-2.jar;C:\Users\islam\.m2\repository\org\apache\poi\poi\3.9\poi-3.9.jar;C:\Users\islam\.m2\repository\org\apache\poi\poi-ooxml\3.9\poi-ooxml-3.9.jar;C:\Users\islam\.m2\repository\io\github\bonigarcia\webdrivermanager\5.0.3\webdrivermanager-5.0.3.jar;C:\Users\islam\.m2\repository\com\github\docker-java\docker-java\3.2.12\docker-java-3.2.12.jar;C:\Users\islam\.m2\repository\com\github\docker-java\docker-java-core\3.2.12\docker-java-core-3.2.12.jar;C:\Users\islam\.m2\repository\com\github\docker-java\docker-java-api\3.2.12\docker-java-api-3.2.12.jar;C:\Users\islam\.m2\repository\org\bouncycastle\bcpkix-jdk15on\1.64\bcpkix-jdk15on-1.64.jar;C:\Users\islam\.m2\repository\org\bouncycastle\bcprov-jdk15on\1.64\bcprov-jdk15on-1.64.jar;C:\Users\islam\.m2\repository\org\slf4j\jcl-over-slf4j\1.7.30\jcl-over-slf4j-1.7.30.jar;C:\Users\islam\.m2\repository\com\github\docker-java\docker-java-transport-httpclient5\3.2.12\docker-java-transport-httpclient5-3.2.12.jar;C:\Users\islam\.m2\repository\com\github\docker-java\docker-java-transport\3.2.12\docker-java-transport-3.2.12.jar;C:\Users\islam\.m2\repository\org\apache\httpcomponents\client5\httpclient5\5.0.3\httpclient5-5.0.3.jar;C:\Users\islam\.m2\repository\org\apache\httpcomponents\core5\httpcore5\5.0.2\httpcore5-5.0.2.jar;C:\Users\islam\.m2\repository\net\java\dev\jna\jna\5.8.0\jna-5.8.0.jar;C:\Users\islam\.m2\repository\org\brotli\dec\0.1.2\dec-0.1.2.jar;C:\Users\islam\.m2\repository\org\apache\juneau\juneau-marshall\8.2.0\juneau-marshall-8.2.0.jar;C:\Users\islam\.m2\repository\org\apache\poi\poi-ooxml-schemas\3.9\poi-ooxml-schemas-3.9.jar;C:\Users\islam\.m2\repository\org\apache\poi\poi-scratchpad\3.9\poi-scratchpad-3.9.jar;"/>
    <property name="sun.cpu.endian" value="little"/>
    <property name="user.home" value="C:\Users\islam"/>
    <property name="user.language" value="en"/>
    <property name="java.specification.vendor" value="Oracle Corporation"/>
    <property name="java.version.date" value="2021-10-19"/>
    <property name="java.home" value="C:\Users\islam\.p2\pool\plugins\org.eclipse.justj.openjdk.hotspot.jre.full.win32.x86_64_17.0.1.v20211116-1657\jre"/>
    <property name="file.separator" value="\"/>
    <property name="basedir" value="C:\Users\islam\eclipse-workspace\UFrame"/>
    <property name="java.vm.compressedOopsMode" value="32-bit"/>
    <property name="line.separator" value="&#10;"/>
    <property name="java.vm.specification.vendor" value="Oracle Corporation"/>
    <property name="java.specification.name" value="Java Platform API Specification"/>
    <property name="surefire.real.class.path" value="C:\Users\islam\AppData\Local\Temp\surefire18205747805021303321\surefirebooter5542476388052715948.jar"/>
    <property name="user.script" value=""/>
    <property name="sun.management.compiler" value="HotSpot 64-Bit Tiered Compilers"/>
    <property name="java.runtime.version" value="17.0.1+12"/>
    <property name="user.name" value="islam"/>
    <property name="path.separator" value=";"/>
    <property name="os.version" value="10.0"/>
    <property name="java.runtime.name" value="OpenJDK Runtime Environment"/>
    <property name="file.encoding" value="Cp1252"/>
    <property name="java.vm.name" value="OpenJDK 64-Bit Server VM"/>
    <property name="java.vendor.version" value="Temurin-17.0.1+12"/>
    <property name="localRepository" value="C:\Users\islam\.m2\repository"/>
    <property name="java.vendor.url.bug" value="https://github.com/adoptium/adoptium-support/issues"/>
    <property name="java.io.tmpdir" value="C:\Users\islam\AppData\Local\Temp\"/>
    <property name="java.version" value="17.0.1"/>
    <property name="user.dir" value="C:\Users\islam\eclipse-workspace\UFrame"/>
    <property name="os.arch" value="amd64"/>
    <property name="java.vm.specification.name" value="Java Virtual Machine Specification"/>
    <property name="sun.os.patch.level" value=""/>
    <property name="native.encoding" value="Cp1252"/>
    <property name="java.library.path" value="C:\Users\islam\.p2\pool\plugins\org.eclipse.justj.openjdk.hotspot.jre.full.win32.x86_64_17.0.1.v20211116-1657\jre\bin;C:\WINDOWS\Sun\Java\bin;C:\WINDOWS\system32;C:\WINDOWS;C:/Users/islam/.p2/pool/plugins/org.eclipse.justj.openjdk.hotspot.jre.full.win32.x86_64_17.0.3.v20220515-1416/jre/bin/server;C:/Users/islam/.p2/pool/plugins/org.eclipse.justj.openjdk.hotspot.jre.full.win32.x86_64_17.0.3.v20220515-1416/jre/bin;C:\Program Files (x86)\Common Files\Oracle\Java\javapath;C:\WINDOWS\system32;C:\WINDOWS;C:\WINDOWS\System32\Wbem;C:\WINDOWS\System32\WindowsPowerShell\v1.0\;C:\WINDOWS\System32\OpenSSH\;C:\Program Files\Git\cmd;C:\Program Files\Java\jdk1.8.0_202\bin;C:\Users\islam\apache-maven-3.8.6-bin\apache-maven-3.8.6\bin;C:\Program Files\Git\bin;C:\Program Files (x86)\Microsoft SQL Server\150\DTS\Binn\;C:\Program Files\Azure Data Studio\bin;C:\Program Files\Microsoft SQL Server\Client SDK\ODBC\170\Tools\Binn\;C:\Program Files (x86)\Microsoft SQL Server\150\Tools\Binn\;C:\Program Files\Microsoft SQL Server\150\Tools\Binn\;C:\Program Files\Microsoft SQL Server\150\DTS\Binn\;C:\Program Files\MySQL\MySQL Shell 8.0\bin\;C:\Users\islam\AppData\Local\Microsoft\WindowsApps;;C:\Program Files\Azure Data Studio\bin;C:\WINDOWS\system32;;."/>
    <property name="java.vm.info" value="mixed mode"/>
    <property name="java.vendor" value="Eclipse Adoptium"/>
    <property name="java.vm.version" value="17.0.1+12"/>
    <property name="sun.io.unicode.encoding" value="UnicodeLittle"/>
    <property name="java.class.version" value="61.0"/>
  </properties>
  <testcase name="testParameterWithXML" classname="com.usa.failTestRun.CrossBrowserScript" time="12.559">
    <failure message="no such element: Unable to locate element: {&quot;method&quot;:&quot;xpath&quot;,&quot;selector&quot;:&quot;.//*[@id=&apos;account_logout&apos;]/a&quot;}&#10;  (Session info: chrome=105.0.5195.102)&#10;For documentation on this error, please visit: https://www.seleniumhq.org/exceptions/no_such_element.html&#10;Build info: version: &apos;3.141.59&apos;, revision: &apos;e82be7d358&apos;, time: &apos;2018-11-14T08:17:03&apos;&#10;System info: host: &apos;LAPTOP-SK1893TO&apos;, ip: &apos;192.168.1.245&apos;, os.name: &apos;Windows 10&apos;, os.arch: &apos;amd64&apos;, os.version: &apos;10.0&apos;, java.version: &apos;17.0.1&apos;&#10;Driver info: org.openqa.selenium.chrome.ChromeDriver&#10;Capabilities {acceptInsecureCerts: false, browserName: chrome, browserVersion: 105.0.5195.102, chrome: {chromedriverVersion: 105.0.5195.52 (412c95e51883..., userDataDir: C:\Users\islam\AppData\Loca...}, goog:chromeOptions: {debuggerAddress: localhost:63019}, javascriptEnabled: true, networkConnectionEnabled: false, pageLoadStrategy: normal, platform: WINDOWS, platformName: WINDOWS, proxy: Proxy(), setWindowRect: true, strictFileInteractability: false, timeouts: {implicit: 0, pageLoad: 300000, script: 30000}, unhandledPromptBehavior: dismiss and notify, webauthn:extension:credBlob: true, webauthn:extension:largeBlob: true, webauthn:virtualAuthenticators: true}&#10;Session ID: 4093a7637d86b1fb8979ce2e7810ad25&#10;*** Element info: {Using=xpath, value=.//*[@id=&apos;account_logout&apos;]/a}" type="org.openqa.selenium.NoSuchElementException">org.openqa.selenium.NoSuchElementException: 
no such element: Unable to locate element: {"method":"xpath","selector":".//*[@id='account_logout']/a"}
  (Session info: chrome=105.0.5195.102)
For documentation on this error, please visit: https://www.seleniumhq.org/exceptions/no_such_element.html
Build info: version: '3.141.59', revision: 'e82be7d358', time: '2018-11-14T08:17:03'
System info: host: 'LAPTOP-SK1893TO', ip: '192.168.1.245', os.name: 'Windows 10', os.arch: 'amd64', os.version: '10.0', java.version: '17.0.1'
Driver info: org.openqa.selenium.chrome.ChromeDriver
Capabilities {acceptInsecureCerts: false, browserName: chrome, browserVersion: 105.0.5195.102, chrome: {chromedriverVersion: 105.0.5195.52 (412c95e51883..., userDataDir: C:\Users\islam\AppData\Loca...}, goog:chromeOptions: {debuggerAddress: localhost:63019}, javascriptEnabled: true, networkConnectionEnabled: false, pageLoadStrategy: normal, platform: WINDOWS, platformName: WINDOWS, proxy: Proxy(), setWindowRect: true, strictFileInteractability: false, timeouts: {implicit: 0, pageLoad: 300000, script: 30000}, unhandledPromptBehavior: dismiss and notify, webauthn:extension:credBlob: true, webauthn:extension:largeBlob: true, webauthn:virtualAuthenticators: true}
Session ID: 4093a7637d86b1fb8979ce2e7810ad25
*** Element info: {Using=xpath, value=.//*[@id='account_logout']/a}
	at com.usa.failTestRun.CrossBrowserScript.testParameterWithXML(CrossBrowserScript.java:60)
</failure>
    <system-out><![CDATA[[TestNGContentHandler] [WARN] It is strongly recommended to add "<!DOCTYPE suite SYSTEM "http://testng.org/testng-1.0.dtd" >" at the top of your file, otherwise TestNG may fail or not work as expected.
]]></system-out>
    <system-err><![CDATA[1662792591653	geckodriver	INFO	Listening on 127.0.0.1:10236
log4j:WARN No appenders could be found for logger (io.github.bonigarcia.wdm.cache.ResolutionCache).
log4j:WARN Please initialize the log4j system properly.
log4j:WARN See http://logging.apache.org/log4j/1.2/faq.html#noconfig for more info.
Starting ChromeDriver 105.0.5195.52 (412c95e518836d8a7d97250d62b29c2ae6a26a85-refs/branch-heads/5195@{#853}) on port 43954
Only local connections are allowed.
Please see https://chromedriver.chromium.org/security-considerations for suggestions on keeping ChromeDriver safe.
ChromeDriver was started successfully.
1662792592040	mozrunner::runner	INFO	Running command: "C:\\Program Files\\Mozilla Firefox\\firefox.exe" "--marionette" "-no-remote" "-profile" "C:\\Users\\islam\\AppData\\Local\\Temp\\rust_mozprofilekyEJCf"
Sep 10, 2022 2:49:53 AM org.openqa.selenium.remote.ProtocolHandshake createSession
INFO: Detected dialect: W3C
1662792593279	Marionette	INFO	Marionette enabled
1662792593288	Marionette	INFO	Listening on port 63028
Read port: 63028
1662792593667	RemoteAgent	WARN	TLS certificate errors will be ignored for this session
console.warn: SearchSettings: "get: No settings file exists, new profile?" (new NotFoundError("Could not open the file at C:\\Users\\islam\\AppData\\Local\\Temp\\rust_mozprofilekyEJCf\\search.json.mozlz4", (void 0)))
Sep 10, 2022 2:49:56 AM org.openqa.selenium.remote.ProtocolHandshake createSession
INFO: Detected dialect: W3C
console.warn: LoginRecipes: "Falling back to a synchronous message for: https://shop.demoqa.com."
console.warn: LoginRecipes: "Falling back to a synchronous message for: https://shop.demoqa.com."
]]></system-err>
  </testcase>
  <testcase name="testParameterWithXML" classname="com.usa.failTestRun.CrossBrowserScript" time="14.47">
    <failure message="Unable to locate element: .//*[@id=&apos;account_logout&apos;]/a&#10;For documentation on this error, please visit: https://www.seleniumhq.org/exceptions/no_such_element.html&#10;Build info: version: &apos;3.141.59&apos;, revision: &apos;e82be7d358&apos;, time: &apos;2018-11-14T08:17:03&apos;&#10;System info: host: &apos;LAPTOP-SK1893TO&apos;, ip: &apos;192.168.1.245&apos;, os.name: &apos;Windows 10&apos;, os.arch: &apos;amd64&apos;, os.version: &apos;10.0&apos;, java.version: &apos;17.0.1&apos;&#10;Driver info: org.openqa.selenium.firefox.FirefoxDriver&#10;Capabilities {acceptInsecureCerts: true, browserName: firefox, browserVersion: 104.0.2, javascriptEnabled: true, moz:accessibilityChecks: false, moz:buildID: 20220902153754, moz:geckodriverVersion: 0.31.0, moz:headless: false, moz:platformVersion: 10.0, moz:processID: 29400, moz:profile: C:\Users\islam\AppData\Loca..., moz:shutdownTimeout: 60000, moz:useNonSpecCompliantPointerOrigin: false, moz:webdriverClick: true, moz:windowless: false, pageLoadStrategy: normal, platform: WINDOWS, platformName: WINDOWS, proxy: Proxy(), setWindowRect: true, strictFileInteractability: false, timeouts: {implicit: 0, pageLoad: 300000, script: 30000}, unhandledPromptBehavior: dismiss and notify}&#10;Session ID: b8c058e0-dea6-4601-bc97-599c93c8de50&#10;*** Element info: {Using=xpath, value=.//*[@id=&apos;account_logout&apos;]/a}" type="org.openqa.selenium.NoSuchElementException">org.openqa.selenium.NoSuchElementException: 
Unable to locate element: .//*[@id='account_logout']/a
For documentation on this error, please visit: https://www.seleniumhq.org/exceptions/no_such_element.html
Build info: version: '3.141.59', revision: 'e82be7d358', time: '2018-11-14T08:17:03'
System info: host: 'LAPTOP-SK1893TO', ip: '192.168.1.245', os.name: 'Windows 10', os.arch: 'amd64', os.version: '10.0', java.version: '17.0.1'
Driver info: org.openqa.selenium.firefox.FirefoxDriver
Capabilities {acceptInsecureCerts: true, browserName: firefox, browserVersion: 104.0.2, javascriptEnabled: true, moz:accessibilityChecks: false, moz:buildID: 20220902153754, moz:geckodriverVersion: 0.31.0, moz:headless: false, moz:platformVersion: 10.0, moz:processID: 29400, moz:profile: C:\Users\islam\AppData\Loca..., moz:shutdownTimeout: 60000, moz:useNonSpecCompliantPointerOrigin: false, moz:webdriverClick: true, moz:windowless: false, pageLoadStrategy: normal, platform: WINDOWS, platformName: WINDOWS, proxy: Proxy(), setWindowRect: true, strictFileInteractability: false, timeouts: {implicit: 0, pageLoad: 300000, script: 30000}, unhandledPromptBehavior: dismiss and notify}
Session ID: b8c058e0-dea6-4601-bc97-599c93c8de50
*** Element info: {Using=xpath, value=.//*[@id='account_logout']/a}
	at com.usa.failTestRun.CrossBrowserScript.testParameterWithXML(CrossBrowserScript.java:60)
</failure>
    <system-err><![CDATA[Starting Microsoft Edge WebDriver 105.0.1343.27 (ca9c37b5a3be4f51d17650fdb43398de8da7988b) on port 38799
To submit feedback, report a bug, or suggest new features, please visit https://github.com/MicrosoftEdge/EdgeWebDriver

Only local connections are allowed.
Please see https://aka.ms/WebDriverSecurity for suggestions on keeping Microsoft Edge WebDriver safe.

Microsoft Edge WebDriver was started successfully.
]]></system-err>
  </testcase>
  <testcase name="testParameterWithXML" classname="com.usa.failTestRun.CrossBrowserScript" time="15.31">
    <failure message="no such element: Unable to locate element: {&quot;method&quot;:&quot;xpath&quot;,&quot;selector&quot;:&quot;.//*[@id=&apos;account_logout&apos;]/a&quot;}&#10;  (Session info: MicrosoftEdge=105.0.1343.27)&#10;For documentation on this error, please visit: https://www.seleniumhq.org/exceptions/no_such_element.html&#10;Build info: version: &apos;3.141.59&apos;, revision: &apos;e82be7d358&apos;, time: &apos;2018-11-14T08:17:03&apos;&#10;System info: host: &apos;LAPTOP-SK1893TO&apos;, ip: &apos;192.168.1.245&apos;, os.name: &apos;Windows 10&apos;, os.arch: &apos;amd64&apos;, os.version: &apos;10.0&apos;, java.version: &apos;17.0.1&apos;&#10;Driver info: org.openqa.selenium.edge.EdgeDriver&#10;Capabilities {acceptInsecureCerts: false, browserName: msedge, browserVersion: 105.0.1343.27, javascriptEnabled: true, ms:edgeOptions: {debuggerAddress: localhost:63110}, msedge: {msedgedriverVersion: 105.0.1343.27 (ca9c37b5a3be..., userDataDir: C:\Users\islam\AppData\Loca...}, networkConnectionEnabled: false, pageLoadStrategy: normal, platform: WINDOWS, platformName: WINDOWS, proxy: Proxy(), setWindowRect: true, strictFileInteractability: false, timeouts: {implicit: 0, pageLoad: 300000, script: 30000}, unhandledPromptBehavior: dismiss and notify, webauthn:extension:credBlob: true, webauthn:extension:largeBlob: true, webauthn:virtualAuthenticators: true}&#10;Session ID: 179f41a44f044640a4ac2b10d28b2f6a&#10;*** Element info: {Using=xpath, value=.//*[@id=&apos;account_logout&apos;]/a}" type="org.openqa.selenium.NoSuchElementException">org.openqa.selenium.NoSuchElementException: 
no such element: Unable to locate element: {"method":"xpath","selector":".//*[@id='account_logout']/a"}
  (Session info: MicrosoftEdge=105.0.1343.27)
For documentation on this error, please visit: https://www.seleniumhq.org/exceptions/no_such_element.html
Build info: version: '3.141.59', revision: 'e82be7d358', time: '2018-11-14T08:17:03'
System info: host: 'LAPTOP-SK1893TO', ip: '192.168.1.245', os.name: 'Windows 10', os.arch: 'amd64', os.version: '10.0', java.version: '17.0.1'
Driver info: org.openqa.selenium.edge.EdgeDriver
Capabilities {acceptInsecureCerts: false, browserName: msedge, browserVersion: 105.0.1343.27, javascriptEnabled: true, ms:edgeOptions: {debuggerAddress: localhost:63110}, msedge: {msedgedriverVersion: 105.0.1343.27 (ca9c37b5a3be..., userDataDir: C:\Users\islam\AppData\Loca...}, networkConnectionEnabled: false, pageLoadStrategy: normal, platform: WINDOWS, platformName: WINDOWS, proxy: Proxy(), setWindowRect: true, strictFileInteractability: false, timeouts: {implicit: 0, pageLoad: 300000, script: 30000}, unhandledPromptBehavior: dismiss and notify, webauthn:extension:credBlob: true, webauthn:extension:largeBlob: true, webauthn:virtualAuthenticators: true}
Session ID: 179f41a44f044640a4ac2b10d28b2f6a
*** Element info: {Using=xpath, value=.//*[@id='account_logout']/a}
	at com.usa.failTestRun.CrossBrowserScript.testParameterWithXML(CrossBrowserScript.java:60)
</failure>
    <system-err><![CDATA[Sep 10, 2022 2:50:11 AM org.openqa.selenium.remote.ProtocolHandshake createSession
INFO: Detected dialect: W3C
]]></system-err>
  </testcase>
</testsuite>