<?xml version="1.0" encoding="UTF-8"?>
<!-- Generated by org.testng.reporters.JUnitReportReporter -->
<testsuite hostname="LAPTOP-SK1893TO" failures="0" tests="5" name="you.me.he.ThreadCountTest" time="0.017" errors="0" timestamp="18 May 2023 20:31:02 GMT" skipped="0">
  <testcase classname="you.me.he.ThreadCountTest" name="testcase2" time="0.002"/>
  <testcase classname="you.me.he.ThreadCountTest" name="testcase1" time="0.011"/>
  <testcase classname="you.me.he.ThreadCountTest" name="testcase3" time="0.001"/>
  <testcase classname="you.me.he.ThreadCountTest" name="testcase5" time="0.001"/>
  <testcase classname="you.me.he.ThreadCountTest" name="testcase4" time="0.002"/>
</testsuite> <!-- you.me.he.ThreadCountTest -->
