<?xml version="1.0" encoding="UTF-8"?>
<!-- Generated by org.testng.reporters.JUnitReportReporter -->
<testsuite hostname="LAPTOP-SK1893TO" failures="0" tests="5" name="you.me.he.OrangeHRM" time="19.551" errors="0" timestamp="16 May 2023 22:24:45 GMT" skipped="0">
  <testcase classname="you.me.he.OrangeHRM" name="verifyMyInfo" time="0.523"/>
  <testcase classname="you.me.he.OrangeHRM" name="LaunchApp" time="7.374"/>
  <testcase classname="you.me.he.OrangeHRM" name="LaunchApp" time="6.884"/>
  <testcase classname="you.me.he.OrangeHRM" name="enterLoginDetails" time="2.112"/>
  <testcase classname="you.me.he.OrangeHRM" name="enterLoginDetails" time="2.658"/>
</testsuite> <!-- you.me.he.OrangeHRM -->
