<?xml version="1.0" encoding="UTF-8"?>
<!-- Generated by org.testng.reporters.JUnitReportReporter -->
<testsuite hostname="LAPTOP-SK1893TO" failures="0" tests="1" name="you.me.he.FirstTest" time="12.828" errors="0" timestamp="16 May 2023 20:55:52 GMT" skipped="0">
  <testcase classname="you.me.he.FirstTest" name="TestGoogle" time="12.828"/>
</testsuite> <!-- you.me.he.FirstTest -->
