<?xml version="1.0" encoding="UTF-8"?>
<!-- Generated by org.testng.reporters.JUnitReportReporter -->
<testsuite hostname="LAPTOP-SK1893TO" failures="0" tests="7" name="you.me.he.OrangeHRM" time="14.818" errors="0" timestamp="16 May 2023 06:10:39 GMT" skipped="0">
  <testcase classname="you.me.he.OrangeHRM" name="navigateToMyInfo" time="2.839"/>
  <testcase classname="you.me.he.OrangeHRM" name="LaunchApp" time="4.626"/>
  <testcase classname="you.me.he.OrangeHRM" name="verifyMyInfo" time="0.438"/>
  <testcase classname="you.me.he.OrangeHRM" name="enterLoginDetails" time="1.739"/>
  <testcase classname="you.me.he.OrangeHRM" name="enterLoginDetails" time="0.631"/>
  <testcase classname="you.me.he.OrangeHRM" name="verifyLogin" time="0.483"/>
  <testcase classname="you.me.he.OrangeHRM" name="LaunchApp" time="4.062"/>
</testsuite> <!-- you.me.he.OrangeHRM -->
