<?xml version="1.0" encoding="UTF-8"?>
<!-- Generated by org.testng.reporters.JUnitReportReporter -->
<testsuite hostname="LAPTOP-SK1893TO" failures="0" tests="1" name="you.me.he.FirstTest" time="10.273" errors="0" timestamp="16 May 2023 06:10:39 GMT" skipped="0">
  <testcase classname="you.me.he.FirstTest" name="TestGoogle" time="10.273"/>
</testsuite> <!-- you.me.he.FirstTest -->
