<?xml version="1.0" encoding="UTF-8"?>
<!-- Generated by org.testng.reporters.JUnitReportReporter -->
<testsuite hostname="LAPTOP-SK1893TO" failures="0" tests="1" name="runner.LoginTestRunner" time="0.010" errors="0" timestamp="04 Aug 2022 20:00:00 GMT" skipped="0">
  <testcase classname="runner.LoginTestRunner" name="feature" time="0.010"/>
</testsuite> <!-- runner.LoginTestRunner -->
