<?xml version="1.0" encoding="UTF-8"?>
<!-- Generated by org.testng.reporters.JUnitReportReporter -->
<testsuite hostname="LAPTOP-SK1893TO" failures="0" tests="1" name="runner.MyRunner" time="0.000" errors="0" timestamp="02 Aug 2022 19:36:34 GMT" skipped="1">
  <testcase classname="runner.MyRunner" name="feature" time="0.000">
    <skipped/>
  </testcase> <!-- feature -->
</testsuite> <!-- runner.MyRunner -->
