<?xml version="1.0" encoding="UTF-8"?>
<!-- Generated by org.testng.reporters.JUnitReportReporter -->
<testsuite hostname="LAPTOP-SK1893TO" failures="0" tests="1" name="actionClass.DropDropDown" time="7.345" errors="0" timestamp="15 Sep 2022 08:09:40 GMT" skipped="0">
  <testcase classname="actionClass.DropDropDown" name="DragnDrop" time="7.345"/>
</testsuite> <!-- actionClass.DropDropDown -->
