<?xml version="1.0" encoding="UTF-8"?>
<!-- Generated by org.testng.reporters.JUnitReportReporter -->
<testsuite hostname="LAPTOP-SK1893TO" failures="0" tests="1" name="codingInterview.FibonacifromTeacher" time="0.010" errors="0" timestamp="07 Jun 2023 07:18:16 GMT" skipped="0">
  <testcase classname="codingInterview.FibonacifromTeacher" name="fibonacci" time="0.010"/>
</testsuite> <!-- codingInterview.FibonacifromTeacher -->
